<?xml version="1.0" encoding="UTF-8"?>
<coverage generated="1593574815267" clover="3.2.0">
  <project timestamp="1593574815267" name="All files">
    <metrics statements="83" coveredstatements="83" conditionals="20" coveredconditionals="14" methods="24" coveredmethods="24" elements="127" coveredelements="121" complexity="0" loc="83" ncloc="83" packages="1" files="3" classes="3"/>
    <file name="main.js" path="/home/mina/Documents/LIM012-fe-md-links/src/main.js">
      <metrics statements="39" coveredstatements="39" conditionals="8" coveredconditionals="6" methods="11" coveredmethods="11"/>
      <line num="2" count="2" type="stmt"/>
      <line num="4" count="2" type="stmt"/>
      <line num="24" count="2" type="stmt"/>
      <line num="30" count="2" type="stmt"/>
      <line num="42" count="2" type="stmt"/>
      <line num="43" count="14" type="stmt"/>
      <line num="44" count="14" type="stmt"/>
      <line num="47" count="2" type="stmt"/>
      <line num="49" count="5" type="cond" truecount="2" falsecount="0"/>
      <line num="50" count="4" type="stmt"/>
      <line num="52" count="4" type="stmt"/>
      <line num="55" count="1" type="stmt"/>
      <line num="59" count="2" type="stmt"/>
      <line num="60" count="2" type="stmt"/>
      <line num="64" count="2" type="stmt"/>
      <line num="65" count="2" type="stmt"/>
      <line num="71" count="12" type="stmt"/>
      <line num="72" count="12" type="cond" truecount="2" falsecount="0"/>
      <line num="73" count="11" type="stmt"/>
      <line num="74" count="1" type="cond" truecount="1" falsecount="1"/>
      <line num="75" count="1" type="stmt"/>
      <line num="76" count="1" type="stmt"/>
      <line num="77" count="1" type="cond" truecount="1" falsecount="1"/>
      <line num="79" count="1" type="stmt"/>
      <line num="83" count="12" type="stmt"/>
      <line num="99" count="6" type="stmt"/>
      <line num="100" count="6" type="stmt"/>
      <line num="101" count="6" type="stmt"/>
      <line num="102" count="6" type="stmt"/>
      <line num="103" count="6" type="stmt"/>
      <line num="104" count="24" type="stmt"/>
      <line num="109" count="24" type="stmt"/>
      <line num="111" count="6" type="stmt"/>
      <line num="113" count="6" type="stmt"/>
      <line num="117" count="3" type="stmt"/>
      <line num="118" count="3" type="stmt"/>
      <line num="119" count="3" type="stmt"/>
      <line num="121" count="3" type="stmt"/>
      <line num="126" count="2" type="stmt"/>
    </file>
    <file name="mdLinks.js" path="/home/mina/Documents/LIM012-fe-md-links/src/mdLinks.js">
      <metrics statements="16" coveredstatements="16" conditionals="6" coveredconditionals="5" methods="3" coveredmethods="3"/>
      <line num="1" count="1" type="stmt"/>
      <line num="2" count="1" type="stmt"/>
      <line num="3" count="1" type="stmt"/>
      <line num="5" count="3" type="stmt"/>
      <line num="6" count="3" type="stmt"/>
      <line num="7" count="3" type="stmt"/>
      <line num="8" count="3" type="stmt"/>
      <line num="9" count="3" type="stmt"/>
      <line num="10" count="3" type="cond" truecount="1" falsecount="1"/>
      <line num="11" count="3" type="cond" truecount="2" falsecount="0"/>
      <line num="12" count="2" type="cond" truecount="2" falsecount="0"/>
      <line num="13" count="1" type="stmt"/>
      <line num="15" count="1" type="stmt"/>
      <line num="18" count="1" type="stmt"/>
      <line num="21" count="1" type="stmt"/>
      <line num="26" count="1" type="stmt"/>
    </file>
    <file name="validate.js" path="/home/mina/Documents/LIM012-fe-md-links/src/validate.js">
      <metrics statements="28" coveredstatements="28" conditionals="6" coveredconditionals="3" methods="10" coveredmethods="10"/>
      <line num="1" count="2" type="stmt"/>
      <line num="3" count="2" type="stmt"/>
      <line num="4" count="3" type="stmt"/>
      <line num="5" count="3" type="stmt"/>
      <line num="6" count="12" type="stmt"/>
      <line num="7" count="12" type="stmt"/>
      <line num="8" count="12" type="stmt"/>
      <line num="10" count="9" type="cond" truecount="1" falsecount="1"/>
      <line num="11" count="9" type="stmt"/>
      <line num="12" count="9" type="stmt"/>
      <line num="14" count="9" type="stmt"/>
      <line num="17" count="3" type="cond" truecount="1" falsecount="1"/>
      <line num="18" count="3" type="cond" truecount="1" falsecount="1"/>
      <line num="19" count="3" type="stmt"/>
      <line num="22" count="3" type="stmt"/>
      <line num="25" count="2" type="stmt"/>
      <line num="26" count="1" type="stmt"/>
      <line num="27" count="4" type="stmt"/>
      <line num="28" count="4" type="stmt"/>
      <line num="29" count="1" type="stmt"/>
      <line num="32" count="1" type="stmt"/>
      <line num="35" count="2" type="stmt"/>
      <line num="36" count="1" type="stmt"/>
      <line num="37" count="4" type="stmt"/>
      <line num="38" count="4" type="stmt"/>
      <line num="39" count="1" type="stmt"/>
      <line num="43" count="1" type="stmt"/>
      <line num="46" count="2" type="stmt"/>
    </file>
  </project>
</coverage>
