{"/home/mina/Documents/LIM012-fe-md-links/src/main.js": {"path":"/home/mina/Documents/LIM012-fe-md-links/src/main.js","statementMap":{"0":{"start":{"line":2,"column":15},"end":{"line":2,"column":32}},"1":{"start":{"line":4,"column":17},"end":{"line":4,"column":38}},"2":{"start":{"line":24,"column":11},"end":{"line":24,"column":24}},"3":{"start":{"line":30,"column":13},"end":{"line":30,"column":28}},"4":{"start":{"line":42,"column":20},"end":{"line":45,"column":1}},"5":{"start":{"line":43,"column":18},"end":{"line":43,"column":46}},"6":{"start":{"line":44,"column":2},"end":{"line":44,"column":17}},"7":{"start":{"line":47,"column":23},"end":{"line":124,"column":1}},"8":{"start":{"line":49,"column":4},"end":{"line":53,"column":5}},"9":{"start":{"line":50,"column":25},"end":{"line":50,"column":44}},"10":{"start":{"line":52,"column":6},"end":{"line":52,"column":24}},"11":{"start":{"line":55,"column":4},"end":{"line":55,"column":17}},"12":{"start":{"line":59,"column":21},"end":{"line":59,"column":39}},"13":{"start":{"line":60,"column":4},"end":{"line":60,"column":29}},"14":{"start":{"line":64,"column":21},"end":{"line":64,"column":39}},"15":{"start":{"line":65,"column":4},"end":{"line":65,"column":34}},"16":{"start":{"line":71,"column":23},"end":{"line":71,"column":25}},"17":{"start":{"line":72,"column":4},"end":{"line":81,"column":5}},"18":{"start":{"line":73,"column":6},"end":{"line":73,"column":29}},"19":{"start":{"line":74,"column":11},"end":{"line":81,"column":5}},"20":{"start":{"line":75,"column":6},"end":{"line":80,"column":9}},"21":{"start":{"line":76,"column":25},"end":{"line":76,"column":47}},"22":{"start":{"line":77,"column":30},"end":{"line":78,"column":93}},"23":{"start":{"line":79,"column":8},"end":{"line":79,"column":46}},"24":{"start":{"line":83,"column":4},"end":{"line":83,"column":22}},"25":{"start":{"line":99,"column":21},"end":{"line":99,"column":23}},"26":{"start":{"line":100,"column":23},"end":{"line":100,"column":60}},"27":{"start":{"line":101,"column":4},"end":{"line":112,"column":7}},"28":{"start":{"line":102,"column":23},"end":{"line":102,"column":53}},"29":{"start":{"line":103,"column":6},"end":{"line":110,"column":8}},"30":{"start":{"line":104,"column":24},"end":{"line":108,"column":9}},"31":{"start":{"line":109,"column":8},"end":{"line":109,"column":38}},"32":{"start":{"line":111,"column":6},"end":{"line":111,"column":37}},"33":{"start":{"line":113,"column":4},"end":{"line":113,"column":27}},"34":{"start":{"line":117,"column":25},"end":{"line":117,"column":27}},"35":{"start":{"line":118,"column":4},"end":{"line":120,"column":7}},"36":{"start":{"line":119,"column":6},"end":{"line":119,"column":71}},"37":{"start":{"line":121,"column":4},"end":{"line":121,"column":31}},"38":{"start":{"line":126,"column":0},"end":{"line":134,"column":2}}},"fnMap":{"0":{"name":"(anonymous_0)","decl":{"start":{"line":42,"column":20},"end":{"line":42,"column":21}},"loc":{"start":{"line":42,"column":30},"end":{"line":45,"column":1}},"line":42},"1":{"name":"(anonymous_1)","decl":{"start":{"line":48,"column":16},"end":{"line":48,"column":17}},"loc":{"start":{"line":48,"column":27},"end":{"line":56,"column":3}},"line":48},"2":{"name":"(anonymous_2)","decl":{"start":{"line":58,"column":10},"end":{"line":58,"column":11}},"loc":{"start":{"line":58,"column":21},"end":{"line":61,"column":3}},"line":58},"3":{"name":"(anonymous_3)","decl":{"start":{"line":63,"column":15},"end":{"line":63,"column":16}},"loc":{"start":{"line":63,"column":26},"end":{"line":66,"column":3}},"line":63},"4":{"name":"(anonymous_4)","decl":{"start":{"line":70,"column":18},"end":{"line":70,"column":19}},"loc":{"start":{"line":70,"column":29},"end":{"line":84,"column":3}},"line":70},"5":{"name":"(anonymous_5)","decl":{"start":{"line":75,"column":36},"end":{"line":75,"column":37}},"loc":{"start":{"line":75,"column":46},"end":{"line":80,"column":7}},"line":75},"6":{"name":"(anonymous_6)","decl":{"start":{"line":98,"column":24},"end":{"line":98,"column":25}},"loc":{"start":{"line":98,"column":36},"end":{"line":114,"column":3}},"line":98},"7":{"name":"(anonymous_7)","decl":{"start":{"line":101,"column":23},"end":{"line":101,"column":24}},"loc":{"start":{"line":101,"column":34},"end":{"line":112,"column":5}},"line":101},"8":{"name":"(anonymous_8)","decl":{"start":{"line":103,"column":22},"end":{"line":103,"column":23}},"loc":{"start":{"line":103,"column":49},"end":{"line":110,"column":7}},"line":103},"9":{"name":"(anonymous_9)","decl":{"start":{"line":116,"column":24},"end":{"line":116,"column":25}},"loc":{"start":{"line":116,"column":37},"end":{"line":122,"column":3}},"line":116},"10":{"name":"(anonymous_10)","decl":{"start":{"line":118,"column":20},"end":{"line":118,"column":21}},"loc":{"start":{"line":118,"column":34},"end":{"line":120,"column":5}},"line":118}},"branchMap":{"0":{"loc":{"start":{"line":49,"column":4},"end":{"line":53,"column":5}},"type":"if","locations":[{"start":{"line":49,"column":4},"end":{"line":53,"column":5}},{"start":{"line":49,"column":4},"end":{"line":53,"column":5}}],"line":49},"1":{"loc":{"start":{"line":72,"column":4},"end":{"line":81,"column":5}},"type":"if","locations":[{"start":{"line":72,"column":4},"end":{"line":81,"column":5}},{"start":{"line":72,"column":4},"end":{"line":81,"column":5}}],"line":72},"2":{"loc":{"start":{"line":74,"column":11},"end":{"line":81,"column":5}},"type":"if","locations":[{"start":{"line":74,"column":11},"end":{"line":81,"column":5}},{"start":{"line":74,"column":11},"end":{"line":81,"column":5}}],"line":74},"3":{"loc":{"start":{"line":77,"column":30},"end":{"line":78,"column":93}},"type":"cond-expr","locations":[{"start":{"line":78,"column":22},"end":{"line":78,"column":51}},{"start":{"line":78,"column":54},"end":{"line":78,"column":93}}],"line":77}},"s":{"0":2,"1":2,"2":2,"3":2,"4":2,"5":14,"6":14,"7":2,"8":5,"9":4,"10":4,"11":1,"12":2,"13":2,"14":2,"15":2,"16":12,"17":12,"18":11,"19":1,"20":1,"21":1,"22":1,"23":1,"24":12,"25":6,"26":6,"27":6,"28":6,"29":6,"30":24,"31":24,"32":6,"33":6,"34":3,"35":3,"36":3,"37":3,"38":2},"f":{"0":14,"1":5,"2":2,"3":2,"4":12,"5":1,"6":6,"7":6,"8":24,"9":3,"10":3},"b":{"0":[4,1],"1":[11,1],"2":[1,0],"3":[0,1]},"_coverageSchema":"1a1c01bbd47fc00a2c39e90264f33305004495a9","hash":"47892ce0e9f57ce706c5b30865c1ff99e3d64f08"}
,"/home/mina/Documents/LIM012-fe-md-links/src/mdLinks.js": {"path":"/home/mina/Documents/LIM012-fe-md-links/src/mdLinks.js","statementMap":{"0":{"start":{"line":1,"column":17},"end":{"line":1,"column":37}},"1":{"start":{"line":2,"column":21},"end":{"line":2,"column":45}},"2":{"start":{"line":3,"column":15},"end":{"line":3,"column":35}},"3":{"start":{"line":5,"column":12},"end":{"line":30,"column":2}},"4":{"start":{"line":5,"column":32},"end":{"line":30,"column":2}},"5":{"start":{"line":6,"column":16},"end":{"line":6,"column":39}},"6":{"start":{"line":7,"column":23},"end":{"line":7,"column":48}},"7":{"start":{"line":8,"column":27},"end":{"line":8,"column":61}},"8":{"start":{"line":9,"column":24},"end":{"line":9,"column":47}},"9":{"start":{"line":10,"column":28},"end":{"line":10,"column":69}},"10":{"start":{"line":12,"column":2},"end":{"line":29,"column":3}},"11":{"start":{"line":13,"column":4},"end":{"line":28,"column":5}},"12":{"start":{"line":14,"column":6},"end":{"line":25,"column":7}},"13":{"start":{"line":15,"column":8},"end":{"line":22,"column":13}},"14":{"start":{"line":17,"column":12},"end":{"line":17,"column":28}},"15":{"start":{"line":21,"column":12},"end":{"line":21,"column":24}},"16":{"start":{"line":24,"column":8},"end":{"line":24,"column":35}},"17":{"start":{"line":27,"column":6},"end":{"line":27,"column":33}},"18":{"start":{"line":32,"column":0},"end":{"line":34,"column":2}}},"fnMap":{"0":{"name":"(anonymous_0)","decl":{"start":{"line":5,"column":12},"end":{"line":5,"column":13}},"loc":{"start":{"line":5,"column":32},"end":{"line":30,"column":2}},"line":5},"1":{"name":"(anonymous_1)","decl":{"start":{"line":5,"column":44},"end":{"line":5,"column":45}},"loc":{"start":{"line":5,"column":65},"end":{"line":30,"column":1}},"line":5},"2":{"name":"(anonymous_2)","decl":{"start":{"line":16,"column":16},"end":{"line":16,"column":17}},"loc":{"start":{"line":16,"column":28},"end":{"line":18,"column":11}},"line":16},"3":{"name":"(anonymous_3)","decl":{"start":{"line":19,"column":17},"end":{"line":19,"column":18}},"loc":{"start":{"line":19,"column":26},"end":{"line":22,"column":11}},"line":19}},"branchMap":{"0":{"loc":{"start":{"line":12,"column":2},"end":{"line":29,"column":3}},"type":"if","locations":[{"start":{"line":12,"column":2},"end":{"line":29,"column":3}},{"start":{"line":12,"column":2},"end":{"line":29,"column":3}}],"line":12},"1":{"loc":{"start":{"line":13,"column":4},"end":{"line":28,"column":5}},"type":"if","locations":[{"start":{"line":13,"column":4},"end":{"line":28,"column":5}},{"start":{"line":13,"column":4},"end":{"line":28,"column":5}}],"line":13},"2":{"loc":{"start":{"line":14,"column":6},"end":{"line":25,"column":7}},"type":"if","locations":[{"start":{"line":14,"column":6},"end":{"line":25,"column":7}},{"start":{"line":14,"column":6},"end":{"line":25,"column":7}}],"line":14}},"s":{"0":1,"1":1,"2":1,"3":1,"4":3,"5":3,"6":3,"7":3,"8":3,"9":3,"10":3,"11":3,"12":2,"13":1,"14":1,"15":0,"16":1,"17":1,"18":1},"f":{"0":3,"1":3,"2":1,"3":0},"b":{"0":[3,0],"1":[2,1],"2":[1,1]},"_coverageSchema":"1a1c01bbd47fc00a2c39e90264f33305004495a9","hash":"ca9dbcac8bd9e80bb7fecb5d59d1ef334c0bb3bf"}
,"/home/mina/Documents/LIM012-fe-md-links/src/validate.js": {"path":"/home/mina/Documents/LIM012-fe-md-links/src/validate.js","statementMap":{"0":{"start":{"line":1,"column":14},"end":{"line":1,"column":35}},"1":{"start":{"line":3,"column":17},"end":{"line":23,"column":1}},"2":{"start":{"line":4,"column":16},"end":{"line":4,"column":27}},"3":{"start":{"line":5,"column":20},"end":{"line":21,"column":4}},"4":{"start":{"line":6,"column":21},"end":{"line":6,"column":25}},"5":{"start":{"line":7,"column":24},"end":{"line":7,"column":44}},"6":{"start":{"line":8,"column":4},"end":{"line":20,"column":9}},"7":{"start":{"line":10,"column":8},"end":{"line":13,"column":9}},"8":{"start":{"line":11,"column":10},"end":{"line":11,"column":39}},"9":{"start":{"line":12,"column":10},"end":{"line":12,"column":47}},"10":{"start":{"line":14,"column":8},"end":{"line":14,"column":24}},"11":{"start":{"line":17,"column":8},"end":{"line":17,"column":62}},"12":{"start":{"line":18,"column":8},"end":{"line":18,"column":65}},"13":{"start":{"line":19,"column":8},"end":{"line":19,"column":24}},"14":{"start":{"line":22,"column":2},"end":{"line":22,"column":32}},"15":{"start":{"line":25,"column":14},"end":{"line":33,"column":1}},"16":{"start":{"line":26,"column":21},"end":{"line":26,"column":23}},"17":{"start":{"line":27,"column":2},"end":{"line":27,"column":59}},"18":{"start":{"line":27,"column":31},"end":{"line":27,"column":57}},"19":{"start":{"line":28,"column":21},"end":{"line":28,"column":71}},"20":{"start":{"line":28,"column":57},"end":{"line":28,"column":69}},"21":{"start":{"line":29,"column":22},"end":{"line":31,"column":29}},"22":{"start":{"line":32,"column":2},"end":{"line":32,"column":21}},"23":{"start":{"line":35,"column":22},"end":{"line":44,"column":1}},"24":{"start":{"line":36,"column":21},"end":{"line":36,"column":26}},"25":{"start":{"line":37,"column":17},"end":{"line":37,"column":62}},"26":{"start":{"line":37,"column":48},"end":{"line":37,"column":60}},"27":{"start":{"line":38,"column":16},"end":{"line":38,"column":59}},"28":{"start":{"line":38,"column":39},"end":{"line":38,"column":58}},"29":{"start":{"line":39,"column":19},"end":{"line":42,"column":26}},"30":{"start":{"line":43,"column":2},"end":{"line":43,"column":18}},"31":{"start":{"line":46,"column":0},"end":{"line":50,"column":2}}},"fnMap":{"0":{"name":"(anonymous_0)","decl":{"start":{"line":3,"column":17},"end":{"line":3,"column":18}},"loc":{"start":{"line":3,"column":34},"end":{"line":23,"column":1}},"line":3},"1":{"name":"(anonymous_1)","decl":{"start":{"line":5,"column":30},"end":{"line":5,"column":31}},"loc":{"start":{"line":5,"column":40},"end":{"line":21,"column":3}},"line":5},"2":{"name":"(anonymous_2)","decl":{"start":{"line":9,"column":12},"end":{"line":9,"column":13}},"loc":{"start":{"line":9,"column":21},"end":{"line":15,"column":7}},"line":9},"3":{"name":"(anonymous_3)","decl":{"start":{"line":16,"column":13},"end":{"line":16,"column":14}},"loc":{"start":{"line":16,"column":22},"end":{"line":20,"column":7}},"line":16},"4":{"name":"(anonymous_4)","decl":{"start":{"line":25,"column":14},"end":{"line":25,"column":15}},"loc":{"start":{"line":25,"column":30},"end":{"line":33,"column":1}},"line":25},"5":{"name":"(anonymous_5)","decl":{"start":{"line":27,"column":21},"end":{"line":27,"column":22}},"loc":{"start":{"line":27,"column":31},"end":{"line":27,"column":57}},"line":27},"6":{"name":"(anonymous_6)","decl":{"start":{"line":28,"column":44},"end":{"line":28,"column":45}},"loc":{"start":{"line":28,"column":57},"end":{"line":28,"column":69}},"line":28},"7":{"name":"(anonymous_7)","decl":{"start":{"line":35,"column":22},"end":{"line":35,"column":23}},"loc":{"start":{"line":35,"column":33},"end":{"line":44,"column":1}},"line":35},"8":{"name":"(anonymous_8)","decl":{"start":{"line":37,"column":35},"end":{"line":37,"column":36}},"loc":{"start":{"line":37,"column":48},"end":{"line":37,"column":60}},"line":37},"9":{"name":"(anonymous_9)","decl":{"start":{"line":38,"column":29},"end":{"line":38,"column":30}},"loc":{"start":{"line":38,"column":39},"end":{"line":38,"column":58}},"line":38}},"branchMap":{"0":{"loc":{"start":{"line":10,"column":8},"end":{"line":13,"column":9}},"type":"if","locations":[{"start":{"line":10,"column":8},"end":{"line":13,"column":9}},{"start":{"line":10,"column":8},"end":{"line":13,"column":9}}],"line":10},"1":{"loc":{"start":{"line":17,"column":26},"end":{"line":17,"column":61}},"type":"cond-expr","locations":[{"start":{"line":17,"column":39},"end":{"line":17,"column":49}},{"start":{"line":17,"column":52},"end":{"line":17,"column":61}}],"line":17},"2":{"loc":{"start":{"line":18,"column":30},"end":{"line":18,"column":64}},"type":"cond-expr","locations":[{"start":{"line":18,"column":44},"end":{"line":18,"column":55}},{"start":{"line":18,"column":58},"end":{"line":18,"column":64}}],"line":18}},"s":{"0":2,"1":2,"2":3,"3":3,"4":12,"5":12,"6":12,"7":9,"8":9,"9":9,"10":9,"11":3,"12":3,"13":3,"14":3,"15":2,"16":1,"17":1,"18":4,"19":1,"20":4,"21":1,"22":1,"23":2,"24":1,"25":1,"26":4,"27":1,"28":4,"29":1,"30":1,"31":2},"f":{"0":3,"1":12,"2":9,"3":3,"4":1,"5":4,"6":4,"7":1,"8":4,"9":4},"b":{"0":[9,0],"1":[0,3],"2":[3,0]},"_coverageSchema":"1a1c01bbd47fc00a2c39e90264f33305004495a9","hash":"afd5f3d2c8f750229e052b8e3d61d39c05d97292"}
}
