TN:
SF:src/main.js
FN:17,(anonymous_0)
FN:28,(anonymous_1)
FN:50,(anonymous_2)
FN:56,(anonymous_3)
FN:64,(anonymous_4)
FN:69,(anonymous_5)
FN:94,(anonymous_6)
FN:97,(anonymous_7)
FN:99,(anonymous_8)
FN:112,(anonymous_9)
FN:114,(anonymous_10)
FNF:11
FNH:11
FNDA:14,(anonymous_0)
FNDA:5,(anonymous_1)
FNDA:2,(anonymous_2)
FNDA:2,(anonymous_3)
FNDA:12,(anonymous_4)
FNDA:1,(anonymous_5)
FNDA:6,(anonymous_6)
FNDA:6,(anonymous_7)
FNDA:24,(anonymous_8)
FNDA:3,(anonymous_9)
FNDA:3,(anonymous_10)
DA:2,2
DA:4,2
DA:11,2
DA:14,2
DA:17,2
DA:18,14
DA:19,14
DA:22,2
DA:29,5
DA:30,4
DA:32,4
DA:35,1
DA:51,2
DA:52,2
DA:57,2
DA:58,2
DA:65,12
DA:66,12
DA:67,11
DA:68,1
DA:69,1
DA:70,1
DA:71,1
DA:73,1
DA:77,12
DA:95,6
DA:96,6
DA:97,6
DA:98,6
DA:99,6
DA:100,24
DA:105,24
DA:107,6
DA:109,6
DA:113,3
DA:114,3
DA:115,3
DA:117,3
DA:137,2
LF:39
LH:39
BRDA:29,0,0,4
BRDA:29,0,1,1
BRDA:66,1,0,11
BRDA:66,1,1,1
BRDA:68,2,0,1
BRDA:68,2,1,0
BRDA:71,3,0,0
BRDA:71,3,1,1
BRF:8
BRH:6
end_of_record
TN:
SF:src/mdLinks.js
FN:5,(anonymous_0)
FN:5,(anonymous_1)
FN:14,(anonymous_2)
FN:17,(anonymous_3)
FNF:4
FNH:3
FNDA:3,(anonymous_0)
FNDA:3,(anonymous_1)
FNDA:1,(anonymous_2)
FNDA:0,(anonymous_3)
DA:1,1
DA:2,1
DA:3,1
DA:5,3
DA:6,3
DA:7,3
DA:8,3
DA:9,3
DA:10,3
DA:11,3
DA:12,2
DA:13,1
DA:15,1
DA:19,0
DA:22,1
DA:25,1
DA:30,1
LF:17
LH:16
BRDA:10,0,0,3
BRDA:10,0,1,0
BRDA:11,1,0,2
BRDA:11,1,1,1
BRDA:12,2,0,1
BRDA:12,2,1,1
BRF:6
BRH:5
end_of_record
TN:
SF:src/validate.js
FN:3,(anonymous_0)
FN:5,(anonymous_1)
FN:9,(anonymous_2)
FN:16,(anonymous_3)
FN:25,(anonymous_4)
FN:27,(anonymous_5)
FN:28,(anonymous_6)
FN:35,(anonymous_7)
FN:37,(anonymous_8)
FN:38,(anonymous_9)
FNF:10
FNH:10
FNDA:3,(anonymous_0)
FNDA:12,(anonymous_1)
FNDA:9,(anonymous_2)
FNDA:3,(anonymous_3)
FNDA:1,(anonymous_4)
FNDA:4,(anonymous_5)
FNDA:4,(anonymous_6)
FNDA:1,(anonymous_7)
FNDA:4,(anonymous_8)
FNDA:4,(anonymous_9)
DA:1,2
DA:3,2
DA:4,3
DA:5,3
DA:6,12
DA:7,12
DA:8,12
DA:10,9
DA:11,9
DA:12,9
DA:14,9
DA:17,3
DA:18,3
DA:19,3
DA:22,3
DA:25,2
DA:26,1
DA:27,4
DA:28,4
DA:29,1
DA:32,1
DA:35,2
DA:36,1
DA:37,4
DA:38,4
DA:39,1
DA:43,1
DA:46,2
LF:28
LH:28
BRDA:10,0,0,9
BRDA:10,0,1,0
BRDA:17,1,0,0
BRDA:17,1,1,3
BRDA:18,2,0,3
BRDA:18,2,1,0
BRF:6
BRH:3
end_of_record
