TN:
SF:src/main.js
FN:42,(anonymous_0)
FN:48,(anonymous_1)
FN:58,(anonymous_2)
FN:63,(anonymous_3)
FN:70,(anonymous_4)
FN:75,(anonymous_5)
FN:98,(anonymous_6)
FN:101,(anonymous_7)
FN:103,(anonymous_8)
FN:116,(anonymous_9)
FN:118,(anonymous_10)
FNF:11
FNH:10
FNDA:9,(anonymous_0)
FNDA:3,(anonymous_1)
FNDA:1,(anonymous_2)
FNDA:1,(anonymous_3)
FNDA:8,(anonymous_4)
FNDA:0,(anonymous_5)
FNDA:5,(anonymous_6)
FNDA:5,(anonymous_7)
FNDA:20,(anonymous_8)
FNDA:2,(anonymous_9)
FNDA:2,(anonymous_10)
DA:2,2
DA:4,2
DA:24,2
DA:30,2
DA:42,2
DA:43,9
DA:44,9
DA:47,2
DA:49,3
DA:50,3
DA:52,3
DA:55,0
DA:59,1
DA:60,1
DA:64,1
DA:65,1
DA:71,8
DA:72,8
DA:73,8
DA:74,0
DA:75,0
DA:76,0
DA:77,0
DA:79,0
DA:83,8
DA:99,5
DA:100,5
DA:101,5
DA:102,5
DA:103,5
DA:104,20
DA:109,20
DA:111,5
DA:113,5
DA:117,2
DA:118,2
DA:119,2
DA:121,2
DA:126,2
LF:39
LH:33
BRDA:49,0,0,3
BRDA:49,0,1,0
BRDA:72,1,0,8
BRDA:72,1,1,0
BRDA:74,2,0,0
BRDA:74,2,1,0
BRDA:77,3,0,0
BRDA:77,3,1,0
BRF:8
BRH:2
end_of_record
TN:
SF:src/mdLinks.js
FN:5,(anonymous_0)
FN:5,(anonymous_1)
FN:16,(anonymous_2)
FN:19,(anonymous_3)
FNF:4
FNH:3
FNDA:2,(anonymous_0)
FNDA:2,(anonymous_1)
FNDA:1,(anonymous_2)
FNDA:0,(anonymous_3)
DA:1,1
DA:2,1
DA:3,1
DA:5,2
DA:6,2
DA:7,2
DA:8,2
DA:9,2
DA:10,2
DA:12,2
DA:13,2
DA:14,1
DA:15,1
DA:17,1
DA:19,0
DA:21,0
DA:24,1
DA:29,1
LF:18
LH:16
BRDA:12,0,0,2
BRDA:12,0,1,0
BRDA:13,1,0,1
BRDA:13,1,1,1
BRDA:14,2,0,1
BRDA:14,2,1,0
BRF:6
BRH:4
end_of_record
TN:
SF:src/validate.js
FN:3,(anonymous_0)
FN:5,(anonymous_1)
FN:9,(anonymous_2)
FN:16,(anonymous_3)
FN:25,(anonymous_4)
FN:27,(anonymous_5)
FN:28,(anonymous_6)
FN:35,(anonymous_7)
FN:37,(anonymous_8)
FN:38,(anonymous_9)
FNF:10
FNH:9
FNDA:3,(anonymous_0)
FNDA:12,(anonymous_1)
FNDA:12,(anonymous_2)
FNDA:0,(anonymous_3)
FNDA:1,(anonymous_4)
FNDA:4,(anonymous_5)
FNDA:4,(anonymous_6)
FNDA:1,(anonymous_7)
FNDA:4,(anonymous_8)
FNDA:4,(anonymous_9)
DA:1,2
DA:3,2
DA:4,3
DA:5,3
DA:6,12
DA:7,12
DA:8,12
DA:10,12
DA:11,9
DA:12,9
DA:14,12
DA:17,0
DA:18,0
DA:19,0
DA:22,3
DA:25,2
DA:26,1
DA:27,4
DA:28,4
DA:29,1
DA:32,1
DA:35,2
DA:36,1
DA:37,4
DA:38,4
DA:39,1
DA:43,1
DA:46,2
LF:28
LH:25
BRDA:10,0,0,9
BRDA:10,0,1,3
BRDA:17,1,0,0
BRDA:17,1,1,0
BRDA:18,2,0,0
BRDA:18,2,1,0
BRF:6
BRH:2
end_of_record
